# JRE version: Java(TM) SE Runtime Environment (7.0_60-b19) (build 1.7.0_60-b19)
# Java VM: Java HotSpot(TM) 64-Bit Server VM (24.60-b09 mixed mode linux-amd64 compressed oops)
Heap
 PSYoungGen      total 1101312K, used 31254K [0x00000007aaa80000, 0x00000007f0380000, 0x0000000800000000)
  eden space 1062912K, 0% used [0x00000007aaa80000,0x00000007aaa80000,0x00000007eb880000)
  from space 38400K, 81% used [0x00000007eb880000,0x00000007ed705bd0,0x00000007ede00000)
  to   space 35840K, 0% used [0x00000007ee080000,0x00000007ee080000,0x00000007f0380000)
 ParOldGen       total 126464K, used 59521K [0x0000000700000000, 0x0000000707b80000, 0x00000007aaa80000)
  object space 126464K, 47% used [0x0000000700000000,0x0000000703a20620,0x0000000707b80000)
 PSPermGen       total 1048576K, used 19665K [0x00000006c0000000, 0x0000000700000000, 0x0000000700000000)
  object space 1048576K, 1% used [0x00000006c0000000,0x00000006c1334478,0x0000000700000000)
GC Heap History (10 events):
Event: 22.837 GC heap after
Heap after GC invocations=19 (full 1):
 PSYoungGen      total 848896K, used 27132K [0x00000007aaa80000, 0x00000007e1800000, 0x0000000800000000)
  eden space 821760K, 0% used [0x00000007aaa80000,0x00000007aaa80000,0x00000007dcd00000)
  from space 27136K, 99% used [0x00000007def00000,0x00000007e097f110,0x00000007e0980000)
  to   space 34816K, 0% used [0x00000007dcd00000,0x00000007dcd00000,0x00000007def00000)
 ParOldGen       total 74240K, used 72079K [0x0000000700000000, 0x0000000704880000, 0x00000007aaa80000)
  object space 74240K, 97% used [0x0000000700000000,0x0000000704663d18,0x0000000704880000)
 PSPermGen       total 1048576K, used 19653K [0x00000006c0000000, 0x0000000700000000, 0x0000000700000000)
  object space 1048576K, 1% used [0x00000006c0000000,0x00000006c1331600,0x0000000700000000)
}
Event: 22.844 GC heap before
{Heap before GC invocations=20 (full 2):
 PSYoungGen      total 848896K, used 27132K [0x00000007aaa80000, 0x00000007e1800000, 0x0000000800000000)
  eden space 821760K, 0% used [0x00000007aaa80000,0x00000007aaa80000,0x00000007dcd00000)
  from space 27136K, 99% used [0x00000007def00000,0x00000007e097f110,0x00000007e0980000)
  to   space 34816K, 0% used [0x00000007dcd00000,0x00000007dcd00000,0x00000007def00000)
 ParOldGen       total 74240K, used 72079K [0x0000000700000000, 0x0000000704880000, 0x00000007aaa80000)
  object space 74240K, 97% used [0x0000000700000000,0x0000000704663d18,0x0000000704880000)
 PSPermGen       total 1048576K, used 19653K [0x00000006c0000000, 0x0000000700000000, 0x0000000700000000)
  object space 1048576K, 1% used [0x00000006c0000000,0x00000006c1331600,0x0000000700000000)
Event: 23.083 GC heap after
Heap after GC invocations=20 (full 2):
 PSYoungGen      total 848896K, used 0K [0x00000007aaa80000, 0x00000007e1800000, 0x0000000800000000)
  eden space 821760K, 0% used [0x00000007aaa80000,0x00000007aaa80000,0x00000007dcd00000)
  from space 27136K, 0% used [0x00000007def00000,0x00000007def00000,0x00000007e0980000)
  to   space 34816K, 0% used [0x00000007dcd00000,0x00000007dcd00000,0x00000007def00000)
 ParOldGen       total 87552K, used 38325K [0x0000000700000000, 0x0000000705580000, 0x00000007aaa80000)
  object space 87552K, 43% used [0x0000000700000000,0x000000070256d488,0x0000000705580000)
 PSPermGen       total 1048576K, used 19651K [0x00000006c0000000, 0x0000000700000000, 0x0000000700000000)
  object space 1048576K, 1% used [0x00000006c0000000,0x00000006c1330c48,0x0000000700000000)
}
Event: 24.464 GC heap before
{Heap before GC invocations=21 (full 2):
 PSYoungGen      total 848896K, used 821760K [0x00000007aaa80000, 0x00000007e1800000, 0x0000000800000000)
  eden space 821760K, 100% used [0x00000007aaa80000,0x00000007dcd00000,0x00000007dcd00000)
  from space 27136K, 0% used [0x00000007def00000,0x00000007def00000,0x00000007e0980000)
  to   space 34816K, 0% used [0x00000007dcd00000,0x00000007dcd00000,0x00000007def00000)
 ParOldGen       total 87552K, used 38325K [0x0000000700000000, 0x0000000705580000, 0x00000007aaa80000)
  object space 87552K, 43% used [0x0000000700000000,0x000000070256d488,0x0000000705580000)
 PSPermGen       total 1048576K, used 19653K [0x00000006c0000000, 0x0000000700000000, 0x0000000700000000)
  object space 1048576K, 1% used [0x00000006c0000000,0x00000006c1331488,0x0000000700000000)
Event: 24.723 GC heap after
Heap after GC invocations=21 (full 2):
 PSYoungGen      total 856576K, used 34810K [0x00000007aaa80000, 0x00000007f0800000, 0x0000000800000000)
  eden space 821760K, 0% used [0x00000007aaa80000,0x00000007aaa80000,0x00000007dcd00000)
  from space 34816K, 99% used [0x00000007dcd00000,0x00000007deefe9e8,0x00000007def00000)
  to   space 40448K, 0% used [0x00000007ee080000,0x00000007ee080000,0x00000007f0800000)
 ParOldGen       total 87552K, used 45635K [0x0000000700000000, 0x0000000705580000, 0x00000007aaa80000)
  object space 87552K, 52% used [0x0000000700000000,0x0000000702c90e40,0x0000000705580000)
 PSPermGen       total 1048576K, used 19653K [0x00000006c0000000, 0x0000000700000000, 0x0000000700000000)
  object space 1048576K, 1% used [0x00000006c0000000,0x00000006c1331488,0x0000000700000000)
}
Event: 25.680 GC heap before
{Heap before GC invocations=22 (full 2):
 PSYoungGen      total 856576K, used 856570K [0x00000007aaa80000, 0x00000007f0800000, 0x0000000800000000)
  eden space 821760K, 100% used [0x00000007aaa80000,0x00000007dcd00000,0x00000007dcd00000)
  from space 34816K, 99% used [0x00000007dcd00000,0x00000007deefe9e8,0x00000007def00000)
  to   space 40448K, 0% used [0x00000007ee080000,0x00000007ee080000,0x00000007f0800000)
 ParOldGen       total 87552K, used 45635K [0x0000000700000000, 0x0000000705580000, 0x00000007aaa80000)
  object space 87552K, 52% used [0x0000000700000000,0x0000000702c90e40,0x0000000705580000)
 PSPermGen       total 1048576K, used 19663K [0x00000006c0000000, 0x0000000700000000, 0x0000000700000000)
  object space 1048576K, 1% used [0x00000006c0000000,0x00000006c1333d40,0x0000000700000000)
Event: 25.754 GC heap after
Heap after GC invocations=22 (full 2):
 PSYoungGen      total 1098752K, used 14116K [0x00000007aaa80000, 0x00000007f0380000, 0x0000000800000000)
  eden space 1062912K, 0% used [0x00000007aaa80000,0x00000007aaa80000,0x00000007eb880000)
  from space 35840K, 39% used [0x00000007ee080000,0x00000007eee49038,0x00000007f0380000)
  to   space 38400K, 0% used [0x00000007eb880000,0x00000007eb880000,0x00000007ede00000)
 ParOldGen       total 87552K, used 80366K [0x0000000700000000, 0x0000000705580000, 0x00000007aaa80000)
  object space 87552K, 91% used [0x0000000700000000,0x0000000704e7bb48,0x0000000705580000)
 PSPermGen       total 1048576K, used 19663K [0x00000006c0000000, 0x0000000700000000, 0x0000000700000000)
  object space 1048576K, 1% used [0x00000006c0000000,0x00000006c1333d40,0x0000000700000000)
}
Event: 25.754 GC heap before
{Heap before GC invocations=23 (full 3):
 PSYoungGen      total 1098752K, used 14116K [0x00000007aaa80000, 0x00000007f0380000, 0x0000000800000000)
  eden space 1062912K, 0% used [0x00000007aaa80000,0x00000007aaa80000,0x00000007eb880000)
  from space 35840K, 39% used [0x00000007ee080000,0x00000007eee49038,0x00000007f0380000)
  to   space 38400K, 0% used [0x00000007eb880000,0x00000007eb880000,0x00000007ede00000)
 ParOldGen       total 87552K, used 80366K [0x0000000700000000, 0x0000000705580000, 0x00000007aaa80000)
  object space 87552K, 91% used [0x0000000700000000,0x0000000704e7bb48,0x0000000705580000)
 PSPermGen       total 1048576K, used 19663K [0x00000006c0000000, 0x0000000700000000, 0x0000000700000000)
  object space 1048576K, 1% used [0x00000006c0000000,0x00000006c1333d40,0x0000000700000000)
Event: 25.886 GC heap after
Heap after GC invocations=23 (full 3):
 PSYoungGen      total 1098752K, used 0K [0x00000007aaa80000, 0x00000007f0380000, 0x0000000800000000)
  eden space 1062912K, 0% used [0x00000007aaa80000,0x00000007aaa80000,0x00000007eb880000)
  from space 35840K, 0% used [0x00000007ee080000,0x00000007ee080000,0x00000007f0380000)
  to   space 38400K, 0% used [0x00000007eb880000,0x00000007eb880000,0x00000007ede00000)
 ParOldGen       total 126464K, used 59521K [0x0000000700000000, 0x0000000707b80000, 0x00000007aaa80000)
  object space 126464K, 47% used [0x0000000700000000,0x0000000703a20620,0x0000000707b80000)
 PSPermGen       total 1048576K, used 19663K [0x00000006c0000000, 0x0000000700000000, 0x0000000700000000)
  object space 1048576K, 1% used [0x00000006c0000000,0x00000006c1333d00,0x0000000700000000)
}
Event: 30.121 GC heap before
{Heap before GC invocations=24 (full 3):
 PSYoungGen      total 1098752K, used 1062912K [0x00000007aaa80000, 0x00000007f0380000, 0x0000000800000000)
  eden space 1062912K, 100% used [0x00000007aaa80000,0x00000007eb880000,0x00000007eb880000)
  from space 35840K, 0% used [0x00000007ee080000,0x00000007ee080000,0x00000007f0380000)
  to   space 38400K, 0% used [0x00000007eb880000,0x00000007eb880000,0x00000007ede00000)
 ParOldGen       total 126464K, used 59521K [0x0000000700000000, 0x0000000707b80000, 0x00000007aaa80000)
  object space 126464K, 47% used [0x0000000700000000,0x0000000703a20620,0x0000000707b80000)
 PSPermGen       total 1048576K, used 19665K [0x00000006c0000000, 0x0000000700000000, 0x0000000700000000)
  object space 1048576K, 1% used [0x00000006c0000000,0x00000006c1334478,0x0000000700000000)

